<?xml version="1.0" encoding="UTF-8"?>
<testsuite xmlns:xsi="http://www.w3.org/2001/XMLSchema-instance" xsi:noNamespaceSchemaLocation="https://maven.apache.org/surefire/maven-surefire-plugin/xsd/surefire-test-report-3.0.xsd" version="3.0" name="TestSuite" time="2.237" tests="2" errors="0" skipped="0" failures="0">
  <properties>
    <property name="java.specification.version" value="22"/>
    <property name="sun.jnu.encoding" value="UTF-8"/>
    <property name="java.class.path" value="/Users/karen.duque/Developer/PersonaL/petStore_api_automation/target/test-classes:/Users/karen.duque/Developer/PersonaL/petStore_api_automation/target/classes:/Users/karen.duque/.m2/repository/com/github/automatedowl/allure-environment-writer/1.0.0/allure-environment-writer-1.0.0.jar:/Users/karen.duque/.m2/repository/commons-codec/commons-codec/1.15/commons-codec-1.15.jar:/Users/karen.duque/.m2/repository/com/google/code/gson/gson/2.9.0/gson-2.9.0.jar:/Users/karen.duque/.m2/repository/com/google/guava/guava/31.1-jre/guava-31.1-jre.jar:/Users/karen.duque/.m2/repository/com/google/guava/failureaccess/1.0.1/failureaccess-1.0.1.jar:/Users/karen.duque/.m2/repository/com/google/guava/listenablefuture/9999.0-empty-to-avoid-conflict-with-guava/listenablefuture-9999.0-empty-to-avoid-conflict-with-guava.jar:/Users/karen.duque/.m2/repository/com/google/code/findbugs/jsr305/3.0.2/jsr305-3.0.2.jar:/Users/karen.duque/.m2/repository/org/checkerframework/checker-qual/3.12.0/checker-qual-3.12.0.jar:/Users/karen.duque/.m2/repository/com/google/errorprone/error_prone_annotations/2.11.0/error_prone_annotations-2.11.0.jar:/Users/karen.duque/.m2/repository/com/google/j2objc/j2objc-annotations/1.3/j2objc-annotations-1.3.jar:/Users/karen.duque/.m2/repository/com/fasterxml/jackson/core/jackson-databind/2.13.3/jackson-databind-2.13.3.jar:/Users/karen.duque/.m2/repository/com/fasterxml/jackson/core/jackson-annotations/2.13.3/jackson-annotations-2.13.3.jar:/Users/karen.duque/.m2/repository/com/fasterxml/jackson/core/jackson-core/2.13.3/jackson-core-2.13.3.jar:/Users/karen.duque/.m2/repository/com/fasterxml/jackson/datatype/jackson-datatype-joda/2.13.3/jackson-datatype-joda-2.13.3.jar:/Users/karen.duque/.m2/repository/io/qameta/allure/allure-testng/2.18.1/allure-testng-2.18.1.jar:/Users/karen.duque/.m2/repository/io/qameta/allure/allure-java-commons/2.18.1/allure-java-commons-2.18.1.jar:/Users/karen.duque/.m2/repository/io/qameta/allure/allure-model/2.18.1/allure-model-2.18.1.jar:/Users/karen.duque/.m2/repository/io/qameta/allure/allure-test-filter/2.18.1/allure-test-filter-2.18.1.jar:/Users/karen.duque/.m2/repository/io/qameta/allure/allure-rest-assured/2.18.1/allure-rest-assured-2.18.1.jar:/Users/karen.duque/.m2/repository/io/qameta/allure/allure-attachments/2.18.1/allure-attachments-2.18.1.jar:/Users/karen.duque/.m2/repository/org/freemarker/freemarker/2.3.31/freemarker-2.3.31.jar:/Users/karen.duque/.m2/repository/io/rest-assured/rest-assured/5.1.0/rest-assured-5.1.0.jar:/Users/karen.duque/.m2/repository/org/apache/groovy/groovy/4.0.1/groovy-4.0.1.jar:/Users/karen.duque/.m2/repository/org/apache/groovy/groovy-xml/4.0.1/groovy-xml-4.0.1.jar:/Users/karen.duque/.m2/repository/org/apache/httpcomponents/httpmime/4.5.13/httpmime-4.5.13.jar:/Users/karen.duque/.m2/repository/org/hamcrest/hamcrest/2.1/hamcrest-2.1.jar:/Users/karen.duque/.m2/repository/org/ccil/cowan/tagsoup/tagsoup/1.2.1/tagsoup-1.2.1.jar:/Users/karen.duque/.m2/repository/io/rest-assured/xml-path/5.1.0/xml-path-5.1.0.jar:/Users/karen.duque/.m2/repository/org/apache/commons/commons-lang3/3.11/commons-lang3-3.11.jar:/Users/karen.duque/.m2/repository/io/rest-assured/json-path/5.1.0/json-path-5.1.0.jar:/Users/karen.duque/.m2/repository/org/apache/groovy/groovy-json/4.0.1/groovy-json-4.0.1.jar:/Users/karen.duque/.m2/repository/io/rest-assured/rest-assured-common/5.1.0/rest-assured-common-5.1.0.jar:/Users/karen.duque/.m2/repository/io/rest-assured/json-schema-validator/5.1.0/json-schema-validator-5.1.0.jar:/Users/karen.duque/.m2/repository/com/github/java-json-tools/json-schema-validator/2.2.14/json-schema-validator-2.2.14.jar:/Users/karen.duque/.m2/repository/com/github/java-json-tools/jackson-coreutils-equivalence/1.0/jackson-coreutils-equivalence-1.0.jar:/Users/karen.duque/.m2/repository/com/github/java-json-tools/jackson-coreutils/2.0/jackson-coreutils-2.0.jar:/Users/karen.duque/.m2/repository/com/github/java-json-tools/msg-simple/1.2/msg-simple-1.2.jar:/Users/karen.duque/.m2/repository/com/github/java-json-tools/btf/1.3/btf-1.3.jar:/Users/karen.duque/.m2/repository/com/github/java-json-tools/json-schema-core/1.2.14/json-schema-core-1.2.14.jar:/Users/karen.duque/.m2/repository/com/github/java-json-tools/uri-template/0.10/uri-template-0.10.jar:/Users/karen.duque/.m2/repository/org/mozilla/rhino/1.7.7.2/rhino-1.7.7.2.jar:/Users/karen.duque/.m2/repository/com/sun/mail/mailapi/1.6.2/mailapi-1.6.2.jar:/Users/karen.duque/.m2/repository/com/googlecode/libphonenumber/libphonenumber/8.11.1/libphonenumber-8.11.1.jar:/Users/karen.duque/.m2/repository/net/sf/jopt-simple/jopt-simple/5.0.4/jopt-simple-5.0.4.jar:/Users/karen.duque/.m2/repository/joda-time/joda-time/2.10.14/joda-time-2.10.14.jar:/Users/karen.duque/.m2/repository/org/apache/commons/commons-csv/1.9.0/commons-csv-1.9.0.jar:/Users/karen.duque/.m2/repository/org/apache/httpcomponents/httpclient/4.5.13/httpclient-4.5.13.jar:/Users/karen.duque/.m2/repository/org/apache/httpcomponents/httpcore/4.4.13/httpcore-4.4.13.jar:/Users/karen.duque/.m2/repository/commons-logging/commons-logging/1.2/commons-logging-1.2.jar:/Users/karen.duque/.m2/repository/org/projectlombok/lombok/1.18.24/lombok-1.18.24.jar:/Users/karen.duque/.m2/repository/org/testng/testng/7.6.0/testng-7.6.0.jar:/Users/karen.duque/.m2/repository/org/slf4j/slf4j-api/1.7.36/slf4j-api-1.7.36.jar:/Users/karen.duque/.m2/repository/com/beust/jcommander/1.82/jcommander-1.82.jar:/Users/karen.duque/.m2/repository/org/webjars/jquery/3.6.0/jquery-3.6.0.jar:/Users/karen.duque/.m2/repository/org/slf4j/slf4j-reload4j/2.0.0-alpha7/slf4j-reload4j-2.0.0-alpha7.jar:/Users/karen.duque/.m2/repository/ch/qos/reload4j/reload4j/1.2.19/reload4j-1.2.19.jar:/Users/karen.duque/.m2/repository/software/amazon/awssdk/dynamodb/2.17.207/dynamodb-2.17.207.jar:/Users/karen.duque/.m2/repository/software/amazon/awssdk/aws-json-protocol/2.17.207/aws-json-protocol-2.17.207.jar:/Users/karen.duque/.m2/repository/software/amazon/awssdk/third-party-jackson-core/2.17.207/third-party-jackson-core-2.17.207.jar:/Users/karen.duque/.m2/repository/software/amazon/awssdk/json-utils/2.17.207/json-utils-2.17.207.jar:/Users/karen.duque/.m2/repository/software/amazon/awssdk/protocol-core/2.17.207/protocol-core-2.17.207.jar:/Users/karen.duque/.m2/repository/software/amazon/awssdk/profiles/2.17.207/profiles-2.17.207.jar:/Users/karen.duque/.m2/repository/software/amazon/awssdk/sdk-core/2.17.207/sdk-core-2.17.207.jar:/Users/karen.duque/.m2/repository/org/reactivestreams/reactive-streams/1.0.3/reactive-streams-1.0.3.jar:/Users/karen.duque/.m2/repository/software/amazon/awssdk/auth/2.17.207/auth-2.17.207.jar:/Users/karen.duque/.m2/repository/software/amazon/eventstream/eventstream/1.0.1/eventstream-1.0.1.jar:/Users/karen.duque/.m2/repository/software/amazon/awssdk/http-client-spi/2.17.207/http-client-spi-2.17.207.jar:/Users/karen.duque/.m2/repository/software/amazon/awssdk/regions/2.17.207/regions-2.17.207.jar:/Users/karen.duque/.m2/repository/software/amazon/awssdk/annotations/2.17.207/annotations-2.17.207.jar:/Users/karen.duque/.m2/repository/software/amazon/awssdk/utils/2.17.207/utils-2.17.207.jar:/Users/karen.duque/.m2/repository/software/amazon/awssdk/aws-core/2.17.207/aws-core-2.17.207.jar:/Users/karen.duque/.m2/repository/software/amazon/awssdk/metrics-spi/2.17.207/metrics-spi-2.17.207.jar:/Users/karen.duque/.m2/repository/software/amazon/awssdk/apache-client/2.17.207/apache-client-2.17.207.jar:/Users/karen.duque/.m2/repository/software/amazon/awssdk/netty-nio-client/2.17.207/netty-nio-client-2.17.207.jar:/Users/karen.duque/.m2/repository/io/netty/netty-codec-http/4.1.77.Final/netty-codec-http-4.1.77.Final.jar:/Users/karen.duque/.m2/repository/io/netty/netty-codec-http2/4.1.77.Final/netty-codec-http2-4.1.77.Final.jar:/Users/karen.duque/.m2/repository/io/netty/netty-codec/4.1.77.Final/netty-codec-4.1.77.Final.jar:/Users/karen.duque/.m2/repository/io/netty/netty-transport/4.1.77.Final/netty-transport-4.1.77.Final.jar:/Users/karen.duque/.m2/repository/io/netty/netty-resolver/4.1.77.Final/netty-resolver-4.1.77.Final.jar:/Users/karen.duque/.m2/repository/io/netty/netty-common/4.1.77.Final/netty-common-4.1.77.Final.jar:/Users/karen.duque/.m2/repository/io/netty/netty-buffer/4.1.77.Final/netty-buffer-4.1.77.Final.jar:/Users/karen.duque/.m2/repository/io/netty/netty-handler/4.1.77.Final/netty-handler-4.1.77.Final.jar:/Users/karen.duque/.m2/repository/io/netty/netty-transport-classes-epoll/4.1.77.Final/netty-transport-classes-epoll-4.1.77.Final.jar:/Users/karen.duque/.m2/repository/io/netty/netty-transport-native-unix-common/4.1.77.Final/netty-transport-native-unix-common-4.1.77.Final.jar:/Users/karen.duque/.m2/repository/software/amazon/awssdk/dynamodb-enhanced/2.17.207/dynamodb-enhanced-2.17.207.jar:/Users/karen.duque/.m2/repository/org/mongodb/bson/2.3/bson-2.3.jar:"/>
    <property name="java.vm.vendor" value="Homebrew"/>
    <property name="sun.arch.data.model" value="64"/>
    <property name="java.vendor.url" value="https://github.com/Homebrew/homebrew-core/issues"/>
    <property name="user.timezone" value="America/Bogota"/>
    <property name="os.name" value="Mac OS X"/>
    <property name="java.vm.specification.version" value="22"/>
    <property name="sun.java.launcher" value="SUN_STANDARD"/>
    <property name="user.country" value="CO"/>
    <property name="sun.boot.library.path" value="/opt/homebrew/Cellar/openjdk/22.0.2/libexec/openjdk.jdk/Contents/Home/lib"/>
    <property name="sun.java.command" value="/Users/karen.duque/Developer/PersonaL/petStore_api_automation/target/surefire/surefirebooter10093456851862442009.jar /Users/karen.duque/Developer/PersonaL/petStore_api_automation/target/surefire 2024-09-04T09-52-29_635-jvmRun1 surefire10398573997769492519tmp surefire_018391706639061989986tmp"/>
    <property name="http.nonProxyHosts" value="local|*.local|169.254/16|*.169.254/16"/>
    <property name="jdk.debug" value="release"/>
    <property name="surefire.test.class.path" value="/Users/karen.duque/Developer/PersonaL/petStore_api_automation/target/test-classes:/Users/karen.duque/Developer/PersonaL/petStore_api_automation/target/classes:/Users/karen.duque/.m2/repository/com/github/automatedowl/allure-environment-writer/1.0.0/allure-environment-writer-1.0.0.jar:/Users/karen.duque/.m2/repository/commons-codec/commons-codec/1.15/commons-codec-1.15.jar:/Users/karen.duque/.m2/repository/com/google/code/gson/gson/2.9.0/gson-2.9.0.jar:/Users/karen.duque/.m2/repository/com/google/guava/guava/31.1-jre/guava-31.1-jre.jar:/Users/karen.duque/.m2/repository/com/google/guava/failureaccess/1.0.1/failureaccess-1.0.1.jar:/Users/karen.duque/.m2/repository/com/google/guava/listenablefuture/9999.0-empty-to-avoid-conflict-with-guava/listenablefuture-9999.0-empty-to-avoid-conflict-with-guava.jar:/Users/karen.duque/.m2/repository/com/google/code/findbugs/jsr305/3.0.2/jsr305-3.0.2.jar:/Users/karen.duque/.m2/repository/org/checkerframework/checker-qual/3.12.0/checker-qual-3.12.0.jar:/Users/karen.duque/.m2/repository/com/google/errorprone/error_prone_annotations/2.11.0/error_prone_annotations-2.11.0.jar:/Users/karen.duque/.m2/repository/com/google/j2objc/j2objc-annotations/1.3/j2objc-annotations-1.3.jar:/Users/karen.duque/.m2/repository/com/fasterxml/jackson/core/jackson-databind/2.13.3/jackson-databind-2.13.3.jar:/Users/karen.duque/.m2/repository/com/fasterxml/jackson/core/jackson-annotations/2.13.3/jackson-annotations-2.13.3.jar:/Users/karen.duque/.m2/repository/com/fasterxml/jackson/core/jackson-core/2.13.3/jackson-core-2.13.3.jar:/Users/karen.duque/.m2/repository/com/fasterxml/jackson/datatype/jackson-datatype-joda/2.13.3/jackson-datatype-joda-2.13.3.jar:/Users/karen.duque/.m2/repository/io/qameta/allure/allure-testng/2.18.1/allure-testng-2.18.1.jar:/Users/karen.duque/.m2/repository/io/qameta/allure/allure-java-commons/2.18.1/allure-java-commons-2.18.1.jar:/Users/karen.duque/.m2/repository/io/qameta/allure/allure-model/2.18.1/allure-model-2.18.1.jar:/Users/karen.duque/.m2/repository/io/qameta/allure/allure-test-filter/2.18.1/allure-test-filter-2.18.1.jar:/Users/karen.duque/.m2/repository/io/qameta/allure/allure-rest-assured/2.18.1/allure-rest-assured-2.18.1.jar:/Users/karen.duque/.m2/repository/io/qameta/allure/allure-attachments/2.18.1/allure-attachments-2.18.1.jar:/Users/karen.duque/.m2/repository/org/freemarker/freemarker/2.3.31/freemarker-2.3.31.jar:/Users/karen.duque/.m2/repository/io/rest-assured/rest-assured/5.1.0/rest-assured-5.1.0.jar:/Users/karen.duque/.m2/repository/org/apache/groovy/groovy/4.0.1/groovy-4.0.1.jar:/Users/karen.duque/.m2/repository/org/apache/groovy/groovy-xml/4.0.1/groovy-xml-4.0.1.jar:/Users/karen.duque/.m2/repository/org/apache/httpcomponents/httpmime/4.5.13/httpmime-4.5.13.jar:/Users/karen.duque/.m2/repository/org/hamcrest/hamcrest/2.1/hamcrest-2.1.jar:/Users/karen.duque/.m2/repository/org/ccil/cowan/tagsoup/tagsoup/1.2.1/tagsoup-1.2.1.jar:/Users/karen.duque/.m2/repository/io/rest-assured/xml-path/5.1.0/xml-path-5.1.0.jar:/Users/karen.duque/.m2/repository/org/apache/commons/commons-lang3/3.11/commons-lang3-3.11.jar:/Users/karen.duque/.m2/repository/io/rest-assured/json-path/5.1.0/json-path-5.1.0.jar:/Users/karen.duque/.m2/repository/org/apache/groovy/groovy-json/4.0.1/groovy-json-4.0.1.jar:/Users/karen.duque/.m2/repository/io/rest-assured/rest-assured-common/5.1.0/rest-assured-common-5.1.0.jar:/Users/karen.duque/.m2/repository/io/rest-assured/json-schema-validator/5.1.0/json-schema-validator-5.1.0.jar:/Users/karen.duque/.m2/repository/com/github/java-json-tools/json-schema-validator/2.2.14/json-schema-validator-2.2.14.jar:/Users/karen.duque/.m2/repository/com/github/java-json-tools/jackson-coreutils-equivalence/1.0/jackson-coreutils-equivalence-1.0.jar:/Users/karen.duque/.m2/repository/com/github/java-json-tools/jackson-coreutils/2.0/jackson-coreutils-2.0.jar:/Users/karen.duque/.m2/repository/com/github/java-json-tools/msg-simple/1.2/msg-simple-1.2.jar:/Users/karen.duque/.m2/repository/com/github/java-json-tools/btf/1.3/btf-1.3.jar:/Users/karen.duque/.m2/repository/com/github/java-json-tools/json-schema-core/1.2.14/json-schema-core-1.2.14.jar:/Users/karen.duque/.m2/repository/com/github/java-json-tools/uri-template/0.10/uri-template-0.10.jar:/Users/karen.duque/.m2/repository/org/mozilla/rhino/1.7.7.2/rhino-1.7.7.2.jar:/Users/karen.duque/.m2/repository/com/sun/mail/mailapi/1.6.2/mailapi-1.6.2.jar:/Users/karen.duque/.m2/repository/com/googlecode/libphonenumber/libphonenumber/8.11.1/libphonenumber-8.11.1.jar:/Users/karen.duque/.m2/repository/net/sf/jopt-simple/jopt-simple/5.0.4/jopt-simple-5.0.4.jar:/Users/karen.duque/.m2/repository/joda-time/joda-time/2.10.14/joda-time-2.10.14.jar:/Users/karen.duque/.m2/repository/org/apache/commons/commons-csv/1.9.0/commons-csv-1.9.0.jar:/Users/karen.duque/.m2/repository/org/apache/httpcomponents/httpclient/4.5.13/httpclient-4.5.13.jar:/Users/karen.duque/.m2/repository/org/apache/httpcomponents/httpcore/4.4.13/httpcore-4.4.13.jar:/Users/karen.duque/.m2/repository/commons-logging/commons-logging/1.2/commons-logging-1.2.jar:/Users/karen.duque/.m2/repository/org/projectlombok/lombok/1.18.24/lombok-1.18.24.jar:/Users/karen.duque/.m2/repository/org/testng/testng/7.6.0/testng-7.6.0.jar:/Users/karen.duque/.m2/repository/org/slf4j/slf4j-api/1.7.36/slf4j-api-1.7.36.jar:/Users/karen.duque/.m2/repository/com/beust/jcommander/1.82/jcommander-1.82.jar:/Users/karen.duque/.m2/repository/org/webjars/jquery/3.6.0/jquery-3.6.0.jar:/Users/karen.duque/.m2/repository/org/slf4j/slf4j-reload4j/2.0.0-alpha7/slf4j-reload4j-2.0.0-alpha7.jar:/Users/karen.duque/.m2/repository/ch/qos/reload4j/reload4j/1.2.19/reload4j-1.2.19.jar:/Users/karen.duque/.m2/repository/software/amazon/awssdk/dynamodb/2.17.207/dynamodb-2.17.207.jar:/Users/karen.duque/.m2/repository/software/amazon/awssdk/aws-json-protocol/2.17.207/aws-json-protocol-2.17.207.jar:/Users/karen.duque/.m2/repository/software/amazon/awssdk/third-party-jackson-core/2.17.207/third-party-jackson-core-2.17.207.jar:/Users/karen.duque/.m2/repository/software/amazon/awssdk/json-utils/2.17.207/json-utils-2.17.207.jar:/Users/karen.duque/.m2/repository/software/amazon/awssdk/protocol-core/2.17.207/protocol-core-2.17.207.jar:/Users/karen.duque/.m2/repository/software/amazon/awssdk/profiles/2.17.207/profiles-2.17.207.jar:/Users/karen.duque/.m2/repository/software/amazon/awssdk/sdk-core/2.17.207/sdk-core-2.17.207.jar:/Users/karen.duque/.m2/repository/org/reactivestreams/reactive-streams/1.0.3/reactive-streams-1.0.3.jar:/Users/karen.duque/.m2/repository/software/amazon/awssdk/auth/2.17.207/auth-2.17.207.jar:/Users/karen.duque/.m2/repository/software/amazon/eventstream/eventstream/1.0.1/eventstream-1.0.1.jar:/Users/karen.duque/.m2/repository/software/amazon/awssdk/http-client-spi/2.17.207/http-client-spi-2.17.207.jar:/Users/karen.duque/.m2/repository/software/amazon/awssdk/regions/2.17.207/regions-2.17.207.jar:/Users/karen.duque/.m2/repository/software/amazon/awssdk/annotations/2.17.207/annotations-2.17.207.jar:/Users/karen.duque/.m2/repository/software/amazon/awssdk/utils/2.17.207/utils-2.17.207.jar:/Users/karen.duque/.m2/repository/software/amazon/awssdk/aws-core/2.17.207/aws-core-2.17.207.jar:/Users/karen.duque/.m2/repository/software/amazon/awssdk/metrics-spi/2.17.207/metrics-spi-2.17.207.jar:/Users/karen.duque/.m2/repository/software/amazon/awssdk/apache-client/2.17.207/apache-client-2.17.207.jar:/Users/karen.duque/.m2/repository/software/amazon/awssdk/netty-nio-client/2.17.207/netty-nio-client-2.17.207.jar:/Users/karen.duque/.m2/repository/io/netty/netty-codec-http/4.1.77.Final/netty-codec-http-4.1.77.Final.jar:/Users/karen.duque/.m2/repository/io/netty/netty-codec-http2/4.1.77.Final/netty-codec-http2-4.1.77.Final.jar:/Users/karen.duque/.m2/repository/io/netty/netty-codec/4.1.77.Final/netty-codec-4.1.77.Final.jar:/Users/karen.duque/.m2/repository/io/netty/netty-transport/4.1.77.Final/netty-transport-4.1.77.Final.jar:/Users/karen.duque/.m2/repository/io/netty/netty-resolver/4.1.77.Final/netty-resolver-4.1.77.Final.jar:/Users/karen.duque/.m2/repository/io/netty/netty-common/4.1.77.Final/netty-common-4.1.77.Final.jar:/Users/karen.duque/.m2/repository/io/netty/netty-buffer/4.1.77.Final/netty-buffer-4.1.77.Final.jar:/Users/karen.duque/.m2/repository/io/netty/netty-handler/4.1.77.Final/netty-handler-4.1.77.Final.jar:/Users/karen.duque/.m2/repository/io/netty/netty-transport-classes-epoll/4.1.77.Final/netty-transport-classes-epoll-4.1.77.Final.jar:/Users/karen.duque/.m2/repository/io/netty/netty-transport-native-unix-common/4.1.77.Final/netty-transport-native-unix-common-4.1.77.Final.jar:/Users/karen.duque/.m2/repository/software/amazon/awssdk/dynamodb-enhanced/2.17.207/dynamodb-enhanced-2.17.207.jar:/Users/karen.duque/.m2/repository/org/mongodb/bson/2.3/bson-2.3.jar:"/>
    <property name="sun.cpu.endian" value="little"/>
    <property name="user.home" value="/Users/karen.duque"/>
    <property name="user.language" value="en"/>
    <property name="java.specification.vendor" value="Oracle Corporation"/>
    <property name="java.version.date" value="2024-07-16"/>
    <property name="java.home" value="/opt/homebrew/Cellar/openjdk/22.0.2/libexec/openjdk.jdk/Contents/Home"/>
    <property name="file.separator" value="/"/>
    <property name="basedir" value="/Users/karen.duque/Developer/PersonaL/petStore_api_automation"/>
    <property name="java.vm.compressedOopsMode" value="Zero based"/>
    <property name="line.separator" value="&#10;"/>
    <property name="java.vm.specification.vendor" value="Oracle Corporation"/>
    <property name="java.specification.name" value="Java Platform API Specification"/>
    <property name="apple.awt.application.name" value="ForkedBooter"/>
    <property name="surefire.real.class.path" value="/Users/karen.duque/Developer/PersonaL/petStore_api_automation/target/surefire/surefirebooter10093456851862442009.jar"/>
    <property name="sun.management.compiler" value="HotSpot 64-Bit Tiered Compilers"/>
    <property name="ftp.nonProxyHosts" value="local|*.local|169.254/16|*.169.254/16"/>
    <property name="java.runtime.version" value="22.0.2"/>
    <property name="user.name" value="karen.duque"/>
    <property name="stdout.encoding" value="UTF-8"/>
    <property name="path.separator" value=":"/>
    <property name="os.version" value="14.6.1"/>
    <property name="java.runtime.name" value="OpenJDK Runtime Environment"/>
    <property name="file.encoding" value="UTF-8"/>
    <property name="java.vm.name" value="OpenJDK 64-Bit Server VM"/>
    <property name="java.vendor.version" value="Homebrew"/>
    <property name="localRepository" value="/Users/karen.duque/.m2/repository"/>
    <property name="java.vendor.url.bug" value="https://github.com/Homebrew/homebrew-core/issues"/>
    <property name="java.io.tmpdir" value="/var/folders/82/1w6nz5s52qs58l222585x6q80000gp/T/"/>
    <property name="java.version" value="22.0.2"/>
    <property name="user.dir" value="/Users/karen.duque/Developer/PersonaL/petStore_api_automation"/>
    <property name="os.arch" value="aarch64"/>
    <property name="java.vm.specification.name" value="Java Virtual Machine Specification"/>
    <property name="native.encoding" value="UTF-8"/>
    <property name="java.library.path" value="/Users/karen.duque/Library/Java/Extensions:/Library/Java/Extensions:/Network/Library/Java/Extensions:/System/Library/Java/Extensions:/usr/lib/java:."/>
    <property name="java.vm.info" value="mixed mode, sharing"/>
    <property name="stderr.encoding" value="UTF-8"/>
    <property name="java.vendor" value="Homebrew"/>
    <property name="java.vm.version" value="22.0.2"/>
    <property name="sun.io.unicode.encoding" value="UnicodeBig"/>
    <property name="socksNonProxyHosts" value="local|*.local|169.254/16|*.169.254/16"/>
    <property name="java.class.version" value="66.0"/>
  </properties>
  <testcase name="postAddPet[1, Toppi, completo, org.testng.TestRunner@2178fe4e](1)" classname="com.PetStore.APItesting.tests.guide.GuideTest" time="1.483">
    <system-err><![CDATA[SLF4J: Failed to load class "org.slf4j.impl.StaticLoggerBinder".
SLF4J: Defaulting to no-operation (NOP) logger implementation
SLF4J: See http://www.slf4j.org/codes.html#StaticLoggerBinder for further details.
]]></system-err>
  </testcase>
  <testcase name="postAddPet1[1, Toppi, 1, categoria1, array, 1, tag1, 2, tag2, completo, org.testng.TestRunner@2178fe4e](1)" classname="com.PetStore.APItesting.tests.guide.GuideTest" time="1.483"/>
</testsuite>