<?xml version="1.0" encoding="UTF-8"?>
<!-- Generated by org.testng.reporters.JUnitReportReporter -->
<testsuite hostname="US-M3PX4M4VMP" failures="0" tests="2" name="com.PetStore.APItesting.tests.guide.GuideTest" time="2.920" errors="0" timestamp="2024-09-04T09:52:32 COT" skipped="0">
  <testcase classname="com.PetStore.APItesting.tests.guide.GuideTest" name="postAddPet" time="1.460"/>
  <system-out/>
  <testcase classname="com.PetStore.APItesting.tests.guide.GuideTest" name="postAddPet1" time="1.460"/>
  <system-out/>
</testsuite> <!-- com.PetStore.APItesting.tests.guide.GuideTest -->
